<?xml version="1.0" encoding="UTF-8"?>
<testng-results skipped="0" failed="0" total="2" passed="2">
  <reporter-output>
  </reporter-output>
  <suite name="Default suite" duration-ms="16113" started-at="2018-04-09T13:16:33Z" finished-at="2018-04-09T13:16:49Z">
    <groups>
    </groups>
    <test name="Default test" duration-ms="16113" started-at="2018-04-09T13:16:33Z" finished-at="2018-04-09T13:16:49Z">
      <class name="Selenium_Ajit.B1.TestNG_anotation">
        <test-method status="PASS" signature="meth()[pri:0, instance:Selenium_Ajit.B1.TestNG_anotation@9629756]" name="meth" is-config="true" duration-ms="7371" started-at="2018-04-09T18:46:33Z" finished-at="2018-04-09T18:46:41Z">
          <reporter-output>
          </reporter-output>
        </test-method> <!-- meth -->
        <test-method status="PASS" signature="Title()[pri:0, instance:Selenium_Ajit.B1.TestNG_anotation@9629756]" name="Title" duration-ms="16" started-at="2018-04-09T18:46:41Z" finished-at="2018-04-09T18:46:41Z">
          <reporter-output>
          </reporter-output>
        </test-method> <!-- Title -->
        <test-method status="PASS" signature="close()[pri:0, instance:Selenium_Ajit.B1.TestNG_anotation@9629756]" name="close" is-config="true" duration-ms="1364" started-at="2018-04-09T18:46:41Z" finished-at="2018-04-09T18:46:42Z">
          <reporter-output>
          </reporter-output>
        </test-method> <!-- close -->
        <test-method status="PASS" signature="meth()[pri:0, instance:Selenium_Ajit.B1.TestNG_anotation@9629756]" name="meth" is-config="true" duration-ms="6336" started-at="2018-04-09T18:46:42Z" finished-at="2018-04-09T18:46:48Z">
          <reporter-output>
          </reporter-output>
        </test-method> <!-- meth -->
        <test-method status="PASS" signature="Url()[pri:0, instance:Selenium_Ajit.B1.TestNG_anotation@9629756]" name="Url" duration-ms="14" started-at="2018-04-09T18:46:48Z" finished-at="2018-04-09T18:46:48Z">
          <reporter-output>
          </reporter-output>
        </test-method> <!-- Url -->
        <test-method status="PASS" signature="close()[pri:0, instance:Selenium_Ajit.B1.TestNG_anotation@9629756]" name="close" is-config="true" duration-ms="981" started-at="2018-04-09T18:46:48Z" finished-at="2018-04-09T18:46:49Z">
          <reporter-output>
          </reporter-output>
        </test-method> <!-- close -->
      </class> <!-- Selenium_Ajit.B1.TestNG_anotation -->
    </test> <!-- Default test -->
  </suite> <!-- Default suite -->
</testng-results>
